0 info it worked if it ends with ok
1 verbose cli [ 'C:\\Program Files\\nodejs\\node.exe',
1 verbose cli   'C:\\Program Files\\nodejs\\node_modules\\npm\\bin\\npm-cli.js',
1 verbose cli   'start' ]
2 info using npm@3.10.10
3 info using node@v6.11.4
4 verbose run-script [ 'prestart', 'start', 'poststart' ]
5 info lifecycle gtaserver@0.0.0~prestart: gtaserver@0.0.0
6 silly lifecycle gtaserver@0.0.0~prestart: no script for prestart, continuing
7 info lifecycle gtaserver@0.0.0~start: gtaserver@0.0.0
8 verbose lifecycle gtaserver@0.0.0~start: unsafe-perm in lifecycle true
9 verbose lifecycle gtaserver@0.0.0~start: PATH: C:\Program Files\nodejs\node_modules\npm\bin\node-gyp-bin;C:\Users\Matt\GTA\gtaserver\node_modules\.bin;C:\Users\Matt\cmder\bin;C:\Users\Matt\cmder\vendor\git-for-windows\cmd;C:\Users\Matt\cmder\vendor\conemu-maximus5\ConEmu\Scripts;C:\Users\Matt\cmder\vendor\conemu-maximus5;C:\Users\Matt\cmder\vendor\conemu-maximus5\ConEmu;C:\Program Files (x86)\Razer Chroma SDK\bin;C:\Program Files\Razer Chroma SDK\bin;C:\ProgramData\Oracle\Java\javapath;C:\Program Files (x86)\Intel\iCLS Client\;C:\Program Files\Intel\iCLS Client\;C:\Windows\system32;C:\Windows;C:\Windows\System32\Wbem;C:\Windows\System32\WindowsPowerShell\v1.0\;C:\Program Files\Intel\Intel(R) Management Engine Components\DAL;C:\Program Files\Intel\Intel(R) Management Engine Components\IPT;C:\Program Files (x86)\Intel\Intel(R) Management Engine Components\DAL;C:\Program Files (x86)\Intel\Intel(R) Management Engine Components\IPT;C:\Program Files\Intel\WiFi\bin\;C:\Program Files\Common Files\Intel\WirelessCommon\;C:\Program Files (x86)\NVIDIA Corporation\PhysX\Common;C:\Program Files (x86)\PharosSystems\Core;C:\php;C:\Apache24;C:\Apache24\bin;C:\Users\Matt\.dnx\bin;C:\Program Files\Microsoft DNX\Dnvm\;C:\Program Files\Microsoft SQL Server\130\Tools\Binn\;C:\emacs;C:\cygwin\bin;C:\cygwin64\bin;C:\Program Files (x86)\Skype\Phone\;C:\python27;C:\Program Files (x86)\GtkSharp\2.12\bin;C:\Program Files (x86)\Java\jre1.8.0_51\bin;C:\Program Files\nodejs\;C:\Users\Matt\AppData\Roaming\npm;C:\Users\Matt\cmder\vendor\git-for-windows\usr\bin;C:\Users\Matt\cmder\vendor\git-for-windows\usr\share\vim\vim74;C:\Users\Matt\cmder\
10 verbose lifecycle gtaserver@0.0.0~start: CWD: C:\Users\Matt\GTA\gtaserver
11 silly lifecycle gtaserver@0.0.0~start: Args: [ '/d /s /c', 'node ./bin/www' ]
12 silly lifecycle gtaserver@0.0.0~start: Returned: code: 1  signal: null
13 info lifecycle gtaserver@0.0.0~start: Failed to exec start script
14 verbose stack Error: gtaserver@0.0.0 start: `node ./bin/www`
14 verbose stack Exit status 1
14 verbose stack     at EventEmitter.<anonymous> (C:\Program Files\nodejs\node_modules\npm\lib\utils\lifecycle.js:255:16)
14 verbose stack     at emitTwo (events.js:106:13)
14 verbose stack     at EventEmitter.emit (events.js:191:7)
14 verbose stack     at ChildProcess.<anonymous> (C:\Program Files\nodejs\node_modules\npm\lib\utils\spawn.js:40:14)
14 verbose stack     at emitTwo (events.js:106:13)
14 verbose stack     at ChildProcess.emit (events.js:191:7)
14 verbose stack     at maybeClose (internal/child_process.js:920:16)
14 verbose stack     at Process.ChildProcess._handle.onexit (internal/child_process.js:230:5)
15 verbose pkgid gtaserver@0.0.0
16 verbose cwd C:\Users\Matt\GTA\gtaserver
17 error Windows_NT 6.3.9600
18 error argv "C:\\Program Files\\nodejs\\node.exe" "C:\\Program Files\\nodejs\\node_modules\\npm\\bin\\npm-cli.js" "start"
19 error node v6.11.4
20 error npm  v3.10.10
21 error code ELIFECYCLE
22 error gtaserver@0.0.0 start: `node ./bin/www`
22 error Exit status 1
23 error Failed at the gtaserver@0.0.0 start script 'node ./bin/www'.
23 error Make sure you have the latest version of node.js and npm installed.
23 error If you do, this is most likely a problem with the gtaserver package,
23 error not with npm itself.
23 error Tell the author that this fails on your system:
23 error     node ./bin/www
23 error You can get information on how to open an issue for this project with:
23 error     npm bugs gtaserver
23 error Or if that isn't available, you can get their info via:
23 error     npm owner ls gtaserver
23 error There is likely additional logging output above.
24 verbose exit [ 1, true ]
